<?xml version="1.0" encoding="UTF-8"?>
<testsuite xmlns:xsi="http://www.w3.org/2001/XMLSchema-instance" xsi:noNamespaceSchemaLocation="https://maven.apache.org/surefire/maven-surefire-plugin/xsd/surefire-test-report.xsd" name="com.liquid.AppTest" time="0.06" tests="1" errors="0" skipped="0" failures="0">
  <properties>
    <property name="sun.desktop" value="gnome"/>
    <property name="awt.toolkit" value="sun.awt.X11.XToolkit"/>
    <property name="java.specification.version" value="11"/>
    <property name="sun.cpu.isalist" value=""/>
    <property name="sun.jnu.encoding" value="UTF-8"/>
    <property name="java.class.path" value="/home/namrehs/Documents/ltk/spring/packages/alps-keg-tracker/target/test-classes:/home/namrehs/Documents/ltk/spring/packages/alps-keg-tracker/target/classes:/home/namrehs/.m2/repository/junit/junit/4.11/junit-4.11.jar:/home/namrehs/.m2/repository/org/hamcrest/hamcrest-core/1.3/hamcrest-core-1.3.jar:/home/namrehs/.m2/repository/com/squareup/okhttp3/okhttp/4.7.2/okhttp-4.7.2.jar:/home/namrehs/.m2/repository/com/squareup/okio/okio/2.6.0/okio-2.6.0.jar:/home/namrehs/.m2/repository/org/jetbrains/kotlin/kotlin-stdlib-common/1.3.70/kotlin-stdlib-common-1.3.70.jar:/home/namrehs/.m2/repository/org/jetbrains/kotlin/kotlin-stdlib/1.3.71/kotlin-stdlib-1.3.71.jar:/home/namrehs/.m2/repository/org/jetbrains/annotations/13.0/annotations-13.0.jar:/home/namrehs/.m2/repository/com/fasterxml/jackson/core/jackson-databind/2.11.1/jackson-databind-2.11.1.jar:/home/namrehs/.m2/repository/com/fasterxml/jackson/core/jackson-annotations/2.11.1/jackson-annotations-2.11.1.jar:/home/namrehs/.m2/repository/com/fasterxml/jackson/core/jackson-core/2.11.1/jackson-core-2.11.1.jar:"/>
    <property name="java.vm.vendor" value="Oracle Corporation"/>
    <property name="sun.arch.data.model" value="64"/>
    <property name="java.vendor.url" value="http://java.oracle.com/"/>
    <property name="user.timezone" value=""/>
    <property name="java.vm.specification.version" value="11"/>
    <property name="os.name" value="Linux"/>
    <property name="sun.java.launcher" value="SUN_STANDARD"/>
    <property name="user.country" value="US"/>
    <property name="sun.boot.library.path" value="/usr/lib/jvm/jdk-11.0.2/lib"/>
    <property name="sun.java.command" value="/home/namrehs/Documents/ltk/spring/packages/alps-keg-tracker/target/surefire/surefirebooter10543218543935231648.jar /home/namrehs/Documents/ltk/spring/packages/alps-keg-tracker/target/surefire 2020-07-05T22-10-59_893-jvmRun1 surefire5551698362116534078tmp surefire_02304404401708952921tmp"/>
    <property name="jdk.debug" value="release"/>
    <property name="surefire.test.class.path" value="/home/namrehs/Documents/ltk/spring/packages/alps-keg-tracker/target/test-classes:/home/namrehs/Documents/ltk/spring/packages/alps-keg-tracker/target/classes:/home/namrehs/.m2/repository/junit/junit/4.11/junit-4.11.jar:/home/namrehs/.m2/repository/org/hamcrest/hamcrest-core/1.3/hamcrest-core-1.3.jar:/home/namrehs/.m2/repository/com/squareup/okhttp3/okhttp/4.7.2/okhttp-4.7.2.jar:/home/namrehs/.m2/repository/com/squareup/okio/okio/2.6.0/okio-2.6.0.jar:/home/namrehs/.m2/repository/org/jetbrains/kotlin/kotlin-stdlib-common/1.3.70/kotlin-stdlib-common-1.3.70.jar:/home/namrehs/.m2/repository/org/jetbrains/kotlin/kotlin-stdlib/1.3.71/kotlin-stdlib-1.3.71.jar:/home/namrehs/.m2/repository/org/jetbrains/annotations/13.0/annotations-13.0.jar:/home/namrehs/.m2/repository/com/fasterxml/jackson/core/jackson-databind/2.11.1/jackson-databind-2.11.1.jar:/home/namrehs/.m2/repository/com/fasterxml/jackson/core/jackson-annotations/2.11.1/jackson-annotations-2.11.1.jar:/home/namrehs/.m2/repository/com/fasterxml/jackson/core/jackson-core/2.11.1/jackson-core-2.11.1.jar:"/>
    <property name="sun.cpu.endian" value="little"/>
    <property name="user.home" value="/home/namrehs"/>
    <property name="user.language" value="en"/>
    <property name="java.specification.vendor" value="Oracle Corporation"/>
    <property name="java.version.date" value="2019-01-15"/>
    <property name="java.home" value="/usr/lib/jvm/jdk-11.0.2"/>
    <property name="file.separator" value="/"/>
    <property name="basedir" value="/home/namrehs/Documents/ltk/spring/packages/alps-keg-tracker"/>
    <property name="java.vm.compressedOopsMode" value="32-bit"/>
    <property name="line.separator" value="&#10;"/>
    <property name="java.specification.name" value="Java Platform API Specification"/>
    <property name="java.vm.specification.vendor" value="Oracle Corporation"/>
    <property name="java.awt.graphicsenv" value="sun.awt.X11GraphicsEnvironment"/>
    <property name="surefire.real.class.path" value="/home/namrehs/Documents/ltk/spring/packages/alps-keg-tracker/target/surefire/surefirebooter10543218543935231648.jar"/>
    <property name="sun.management.compiler" value="HotSpot 64-Bit Tiered Compilers"/>
    <property name="java.runtime.version" value="11.0.2+9-LTS"/>
    <property name="user.name" value="namrehs"/>
    <property name="path.separator" value=":"/>
    <property name="os.version" value="4.20.10-042010-generic"/>
    <property name="java.runtime.name" value="Java(TM) SE Runtime Environment"/>
    <property name="file.encoding" value="UTF-8"/>
    <property name="java.vm.name" value="Java HotSpot(TM) 64-Bit Server VM"/>
    <property name="java.vendor.version" value="18.9"/>
    <property name="localRepository" value="/home/namrehs/.m2/repository"/>
    <property name="java.vendor.url.bug" value="http://bugreport.java.com/bugreport/"/>
    <property name="java.io.tmpdir" value="/tmp"/>
    <property name="java.version" value="11.0.2"/>
    <property name="user.dir" value="/home/namrehs/Documents/ltk/spring/packages/alps-keg-tracker"/>
    <property name="os.arch" value="amd64"/>
    <property name="java.vm.specification.name" value="Java Virtual Machine Specification"/>
    <property name="java.awt.printerjob" value="sun.print.PSPrinterJob"/>
    <property name="sun.os.patch.level" value="unknown"/>
    <property name="java.library.path" value="/usr/java/packages/lib:/usr/lib64:/lib64:/lib:/usr/lib"/>
    <property name="java.vendor" value="Oracle Corporation"/>
    <property name="java.vm.info" value="mixed mode"/>
    <property name="java.vm.version" value="11.0.2+9-LTS"/>
    <property name="sun.io.unicode.encoding" value="UnicodeLittle"/>
    <property name="java.class.version" value="55.0"/>
  </properties>
  <testcase name="shouldAnswerWithTrue" classname="com.liquid.AppTest" time="0.001"/>
</testsuite>